<?xml version="1.0" encoding="UTF-8"?>
<!-- Generated by org.testng.reporters.JUnitReportReporter -->
<testsuite hostname="EC2AMAZ-S11DBRH" failures="0" tests="3" name="runners.AppRunner" time="6.255" errors="0" timestamp="2023-07-27T07:39:03 GMT" skipped="0">
  <testcase classname="runners.AppRunner" name="runScenario" time="0.415"/>
  <system-out/>
  <testcase classname="runners.AppRunner" name="runScenario" time="5.676"/>
  <system-out/>
  <testcase classname="runners.AppRunner" name="runScenario" time="0.164"/>
  <system-out/>
</testsuite> <!-- runners.AppRunner -->
